2022-08-31 11:24:37,942 [Worker-0: Loading available Gradle versions] INFO  o.e.b.c.i.u.g.PublishedGradleVersions - Gradle version information cache is out-of-date. Trying to update.
2022-08-31 11:27:51,651 [Worker-29: Importing Maven projects] INFO  o.e.m.c.i.e.AbstractTransferListenerAdapter - Downloading https://repo.maven.apache.org/maven2/org/apache/maven/plugins/maven-surefire-plugin/2.12.4/maven-surefire-plugin-2.12.4.jar
2022-08-31 11:27:52,317 [Worker-29: Importing Maven projects] INFO  o.e.m.c.i.e.AbstractTransferListenerAdapter - Downloaded https://repo.maven.apache.org/maven2/org/apache/maven/plugins/maven-surefire-plugin/2.12.4/maven-surefire-plugin-2.12.4.jar
2022-08-31 11:27:52,714 [Worker-29: Importing Maven projects] INFO  o.e.m.c.i.e.AbstractTransferListenerAdapter - Downloading https://repo.maven.apache.org/maven2/org/apache/maven/plugins/maven-assembly-plugin/2.2-beta-5/maven-assembly-plugin-2.2-beta-5.jar
2022-08-31 11:27:53,907 [Worker-29: Importing Maven projects] INFO  o.e.m.c.i.e.AbstractTransferListenerAdapter - Downloaded https://repo.maven.apache.org/maven2/org/apache/maven/plugins/maven-assembly-plugin/2.2-beta-5/maven-assembly-plugin-2.2-beta-5.jar
2022-08-31 11:27:58,987 [Worker-29: Importing Maven projects] INFO  o.e.m.c.i.l.LifecycleMappingFactory - Using org.eclipse.m2e.jdt.JarLifecycleMapping lifecycle mapping for MavenProject: ar.edu.unlp.oo1:ejercicio1-wallpost:1.0.0 @ C:\Users\Bruno\OneDrive\Escritorio\ejercicio1-wallpost\pom.xml.
2022-08-31 11:27:59,944 [Worker-29: Importing Maven projects] INFO  o.e.m.j.i.AbstractJavaProjectConfigurator - Adding source folder /ejercicio1-wallpost/src/main/java
2022-08-31 11:27:59,953 [Worker-29: Importing Maven projects] INFO  o.e.m.j.i.AbstractJavaProjectConfigurator - Adding source folder /ejercicio1-wallpost/src/test/java
2022-08-31 11:28:01,446 [Worker-29: Importing Maven projects] INFO  o.e.m.c.i.p.ProjectConfigurationManager - Imported and configured 1 project(s) in 11 sec
2022-08-31 11:28:02,271 [Worker-30: Building] INFO  o.e.m.c.i.embedder.EclipseLogger - Using 'UTF-8' encoding to copy filtered resources.
2022-08-31 11:28:02,272 [Worker-30: Building] INFO  o.e.m.c.i.embedder.EclipseLogger - skip non existing resourceDirectory C:\Users\Bruno\OneDrive\Escritorio\ejercicio1-wallpost\src\main\resources
2022-08-31 11:28:02,274 [Worker-30: Building] INFO  o.e.m.c.i.embedder.EclipseLogger - Using 'UTF-8' encoding to copy filtered resources.
2022-08-31 11:28:02,275 [Worker-30: Building] INFO  o.e.m.c.i.embedder.EclipseLogger - skip non existing resourceDirectory C:\Users\Bruno\OneDrive\Escritorio\ejercicio1-wallpost\src\test\resources
2022-08-31 11:28:10,079 [Worker-31: Building] INFO  o.e.m.c.i.embedder.EclipseLogger - Using 'UTF-8' encoding to copy filtered resources.
2022-08-31 11:28:10,079 [Worker-31: Building] INFO  o.e.m.c.i.embedder.EclipseLogger - skip non existing resourceDirectory C:\Users\Bruno\OneDrive\Escritorio\ejercicio1-wallpost\src\main\resources
2022-08-31 11:28:10,082 [Worker-31: Building] INFO  o.e.m.c.i.embedder.EclipseLogger - Using 'UTF-8' encoding to copy filtered resources.
2022-08-31 11:28:10,083 [Worker-31: Building] INFO  o.e.m.c.i.embedder.EclipseLogger - skip non existing resourceDirectory C:\Users\Bruno\OneDrive\Escritorio\ejercicio1-wallpost\src\test\resources
2022-08-31 11:31:02,736 [Worker-30: Building] INFO  o.e.m.c.i.embedder.EclipseLogger - Using 'UTF-8' encoding to copy filtered resources.
2022-08-31 11:31:02,736 [Worker-30: Building] INFO  o.e.m.c.i.embedder.EclipseLogger - skip non existing resourceDirectory C:\Users\Bruno\OneDrive\Escritorio\ejercicio1-wallpost\src\main\resources
2022-08-31 11:31:02,738 [Worker-30: Building] INFO  o.e.m.c.i.embedder.EclipseLogger - Using 'UTF-8' encoding to copy filtered resources.
2022-08-31 11:31:02,738 [Worker-30: Building] INFO  o.e.m.c.i.embedder.EclipseLogger - skip non existing resourceDirectory C:\Users\Bruno\OneDrive\Escritorio\ejercicio1-wallpost\src\test\resources
2022-08-31 11:31:05,344 [Worker-12: Building] INFO  o.e.m.c.i.embedder.EclipseLogger - Using 'UTF-8' encoding to copy filtered resources.
2022-08-31 11:31:05,345 [Worker-12: Building] INFO  o.e.m.c.i.embedder.EclipseLogger - skip non existing resourceDirectory C:\Users\Bruno\OneDrive\Escritorio\ejercicio1-wallpost\src\main\resources
2022-08-31 11:31:05,348 [Worker-12: Building] INFO  o.e.m.c.i.embedder.EclipseLogger - Using 'UTF-8' encoding to copy filtered resources.
2022-08-31 11:31:05,349 [Worker-12: Building] INFO  o.e.m.c.i.embedder.EclipseLogger - skip non existing resourceDirectory C:\Users\Bruno\OneDrive\Escritorio\ejercicio1-wallpost\src\test\resources
2022-08-31 11:31:20,019 [Worker-33: Building] INFO  o.e.m.c.i.embedder.EclipseLogger - Using 'UTF-8' encoding to copy filtered resources.
2022-08-31 11:31:20,019 [Worker-33: Building] INFO  o.e.m.c.i.embedder.EclipseLogger - skip non existing resourceDirectory C:\Users\Bruno\OneDrive\Escritorio\ejercicio1-wallpost\src\main\resources
2022-08-31 11:31:20,021 [Worker-33: Building] INFO  o.e.m.c.i.embedder.EclipseLogger - Using 'UTF-8' encoding to copy filtered resources.
2022-08-31 11:31:20,022 [Worker-33: Building] INFO  o.e.m.c.i.embedder.EclipseLogger - skip non existing resourceDirectory C:\Users\Bruno\OneDrive\Escritorio\ejercicio1-wallpost\src\test\resources
2022-08-31 11:31:48,430 [Worker-29: Building] INFO  o.e.m.c.i.embedder.EclipseLogger - Using 'UTF-8' encoding to copy filtered resources.
2022-08-31 11:31:48,430 [Worker-29: Building] INFO  o.e.m.c.i.embedder.EclipseLogger - skip non existing resourceDirectory C:\Users\Bruno\OneDrive\Escritorio\ejercicio1-wallpost\src\main\resources
2022-08-31 11:31:48,431 [Worker-29: Building] INFO  o.e.m.c.i.embedder.EclipseLogger - Using 'UTF-8' encoding to copy filtered resources.
2022-08-31 11:31:48,431 [Worker-29: Building] INFO  o.e.m.c.i.embedder.EclipseLogger - skip non existing resourceDirectory C:\Users\Bruno\OneDrive\Escritorio\ejercicio1-wallpost\src\test\resources
2022-08-31 11:32:08,481 [Worker-33: Building] INFO  o.e.m.c.i.embedder.EclipseLogger - Using 'UTF-8' encoding to copy filtered resources.
2022-08-31 11:32:08,482 [Worker-33: Building] INFO  o.e.m.c.i.embedder.EclipseLogger - skip non existing resourceDirectory C:\Users\Bruno\OneDrive\Escritorio\ejercicio1-wallpost\src\main\resources
2022-08-31 11:32:08,483 [Worker-33: Building] INFO  o.e.m.c.i.embedder.EclipseLogger - Using 'UTF-8' encoding to copy filtered resources.
2022-08-31 11:32:08,484 [Worker-33: Building] INFO  o.e.m.c.i.embedder.EclipseLogger - skip non existing resourceDirectory C:\Users\Bruno\OneDrive\Escritorio\ejercicio1-wallpost\src\test\resources
2022-08-31 11:32:09,507 [Worker-33: Building] INFO  o.e.m.c.i.embedder.EclipseLogger - Using 'UTF-8' encoding to copy filtered resources.
2022-08-31 11:32:09,507 [Worker-33: Building] INFO  o.e.m.c.i.embedder.EclipseLogger - skip non existing resourceDirectory C:\Users\Bruno\OneDrive\Escritorio\ejercicio1-wallpost\src\main\resources
2022-08-31 11:32:09,514 [Worker-33: Building] INFO  o.e.m.c.i.embedder.EclipseLogger - Using 'UTF-8' encoding to copy filtered resources.
2022-08-31 11:32:09,514 [Worker-33: Building] INFO  o.e.m.c.i.embedder.EclipseLogger - skip non existing resourceDirectory C:\Users\Bruno\OneDrive\Escritorio\ejercicio1-wallpost\src\test\resources
2022-08-31 11:32:31,469 [Worker-12: Building] INFO  o.e.m.c.i.embedder.EclipseLogger - Using 'UTF-8' encoding to copy filtered resources.
2022-08-31 11:32:31,469 [Worker-12: Building] INFO  o.e.m.c.i.embedder.EclipseLogger - skip non existing resourceDirectory C:\Users\Bruno\OneDrive\Escritorio\ejercicio1-wallpost\src\main\resources
2022-08-31 11:32:31,472 [Worker-12: Building] INFO  o.e.m.c.i.embedder.EclipseLogger - Using 'UTF-8' encoding to copy filtered resources.
2022-08-31 11:32:31,472 [Worker-12: Building] INFO  o.e.m.c.i.embedder.EclipseLogger - skip non existing resourceDirectory C:\Users\Bruno\OneDrive\Escritorio\ejercicio1-wallpost\src\test\resources
2022-08-31 11:32:50,869 [Worker-31: Building] INFO  o.e.m.c.i.embedder.EclipseLogger - Using 'UTF-8' encoding to copy filtered resources.
2022-08-31 11:32:50,870 [Worker-31: Building] INFO  o.e.m.c.i.embedder.EclipseLogger - skip non existing resourceDirectory C:\Users\Bruno\OneDrive\Escritorio\ejercicio1-wallpost\src\main\resources
2022-08-31 11:32:50,872 [Worker-31: Building] INFO  o.e.m.c.i.embedder.EclipseLogger - Using 'UTF-8' encoding to copy filtered resources.
2022-08-31 11:32:50,873 [Worker-31: Building] INFO  o.e.m.c.i.embedder.EclipseLogger - skip non existing resourceDirectory C:\Users\Bruno\OneDrive\Escritorio\ejercicio1-wallpost\src\test\resources
2022-08-31 11:33:49,851 [Worker-30: Building] INFO  o.e.m.c.i.embedder.EclipseLogger - Using 'UTF-8' encoding to copy filtered resources.
2022-08-31 11:33:49,852 [Worker-30: Building] INFO  o.e.m.c.i.embedder.EclipseLogger - skip non existing resourceDirectory C:\Users\Bruno\OneDrive\Escritorio\ejercicio1-wallpost\src\main\resources
2022-08-31 11:33:49,854 [Worker-30: Building] INFO  o.e.m.c.i.embedder.EclipseLogger - Using 'UTF-8' encoding to copy filtered resources.
2022-08-31 11:33:49,854 [Worker-30: Building] INFO  o.e.m.c.i.embedder.EclipseLogger - skip non existing resourceDirectory C:\Users\Bruno\OneDrive\Escritorio\ejercicio1-wallpost\src\test\resources
2022-08-31 11:34:44,176 [Worker-33: Building] INFO  o.e.m.c.i.embedder.EclipseLogger - Using 'UTF-8' encoding to copy filtered resources.
2022-08-31 11:34:44,176 [Worker-33: Building] INFO  o.e.m.c.i.embedder.EclipseLogger - skip non existing resourceDirectory C:\Users\Bruno\OneDrive\Escritorio\ejercicio1-wallpost\src\main\resources
2022-08-31 11:34:44,179 [Worker-33: Building] INFO  o.e.m.c.i.embedder.EclipseLogger - Using 'UTF-8' encoding to copy filtered resources.
2022-08-31 11:34:44,179 [Worker-33: Building] INFO  o.e.m.c.i.embedder.EclipseLogger - skip non existing resourceDirectory C:\Users\Bruno\OneDrive\Escritorio\ejercicio1-wallpost\src\test\resources
2022-08-31 11:35:30,464 [Worker-30: Building] INFO  o.e.m.c.i.embedder.EclipseLogger - Using 'UTF-8' encoding to copy filtered resources.
2022-08-31 11:35:30,465 [Worker-30: Building] INFO  o.e.m.c.i.embedder.EclipseLogger - skip non existing resourceDirectory C:\Users\Bruno\OneDrive\Escritorio\ejercicio1-wallpost\src\main\resources
2022-08-31 11:35:30,467 [Worker-30: Building] INFO  o.e.m.c.i.embedder.EclipseLogger - Using 'UTF-8' encoding to copy filtered resources.
2022-08-31 11:35:30,468 [Worker-30: Building] INFO  o.e.m.c.i.embedder.EclipseLogger - skip non existing resourceDirectory C:\Users\Bruno\OneDrive\Escritorio\ejercicio1-wallpost\src\test\resources
2022-08-31 11:35:53,602 [Worker-12: Building] INFO  o.e.m.c.i.embedder.EclipseLogger - Using 'UTF-8' encoding to copy filtered resources.
2022-08-31 11:35:53,603 [Worker-12: Building] INFO  o.e.m.c.i.embedder.EclipseLogger - skip non existing resourceDirectory C:\Users\Bruno\OneDrive\Escritorio\ejercicio1-wallpost\src\main\resources
2022-08-31 11:35:53,605 [Worker-12: Building] INFO  o.e.m.c.i.embedder.EclipseLogger - Using 'UTF-8' encoding to copy filtered resources.
2022-08-31 11:35:53,605 [Worker-12: Building] INFO  o.e.m.c.i.embedder.EclipseLogger - skip non existing resourceDirectory C:\Users\Bruno\OneDrive\Escritorio\ejercicio1-wallpost\src\test\resources
2022-08-31 11:36:01,050 [Worker-29: Building] INFO  o.e.m.c.i.embedder.EclipseLogger - Using 'UTF-8' encoding to copy filtered resources.
2022-08-31 11:36:01,050 [Worker-29: Building] INFO  o.e.m.c.i.embedder.EclipseLogger - skip non existing resourceDirectory C:\Users\Bruno\OneDrive\Escritorio\ejercicio1-wallpost\src\main\resources
2022-08-31 11:36:01,053 [Worker-29: Building] INFO  o.e.m.c.i.embedder.EclipseLogger - Using 'UTF-8' encoding to copy filtered resources.
2022-08-31 11:36:01,053 [Worker-29: Building] INFO  o.e.m.c.i.embedder.EclipseLogger - skip non existing resourceDirectory C:\Users\Bruno\OneDrive\Escritorio\ejercicio1-wallpost\src\test\resources
2022-08-31 11:36:54,412 [Worker-29: Building] INFO  o.e.m.c.i.embedder.EclipseLogger - Using 'UTF-8' encoding to copy filtered resources.
2022-08-31 11:36:54,413 [Worker-29: Building] INFO  o.e.m.c.i.embedder.EclipseLogger - skip non existing resourceDirectory C:\Users\Bruno\OneDrive\Escritorio\ejercicio1-wallpost\src\main\resources
2022-08-31 11:36:54,418 [Worker-29: Building] INFO  o.e.m.c.i.embedder.EclipseLogger - Using 'UTF-8' encoding to copy filtered resources.
2022-08-31 11:36:54,418 [Worker-29: Building] INFO  o.e.m.c.i.embedder.EclipseLogger - skip non existing resourceDirectory C:\Users\Bruno\OneDrive\Escritorio\ejercicio1-wallpost\src\test\resources
2022-08-31 11:37:39,427 [Worker-31: Building] INFO  o.e.m.c.i.embedder.EclipseLogger - Using 'UTF-8' encoding to copy filtered resources.
2022-08-31 11:37:39,428 [Worker-31: Building] INFO  o.e.m.c.i.embedder.EclipseLogger - skip non existing resourceDirectory C:\Users\Bruno\OneDrive\Escritorio\ejercicio1-wallpost\src\main\resources
2022-08-31 11:37:39,430 [Worker-31: Building] INFO  o.e.m.c.i.embedder.EclipseLogger - Using 'UTF-8' encoding to copy filtered resources.
2022-08-31 11:37:39,430 [Worker-31: Building] INFO  o.e.m.c.i.embedder.EclipseLogger - skip non existing resourceDirectory C:\Users\Bruno\OneDrive\Escritorio\ejercicio1-wallpost\src\test\resources
2022-08-31 11:38:12,487 [Worker-29: Building] INFO  o.e.m.c.i.embedder.EclipseLogger - Using 'UTF-8' encoding to copy filtered resources.
2022-08-31 11:38:12,488 [Worker-29: Building] INFO  o.e.m.c.i.embedder.EclipseLogger - skip non existing resourceDirectory C:\Users\Bruno\OneDrive\Escritorio\ejercicio1-wallpost\src\main\resources
2022-08-31 11:38:12,490 [Worker-29: Building] INFO  o.e.m.c.i.embedder.EclipseLogger - Using 'UTF-8' encoding to copy filtered resources.
2022-08-31 11:38:12,491 [Worker-29: Building] INFO  o.e.m.c.i.embedder.EclipseLogger - skip non existing resourceDirectory C:\Users\Bruno\OneDrive\Escritorio\ejercicio1-wallpost\src\test\resources
2022-08-31 11:43:51,230 [Worker-31: Creating objetos-uno] INFO  o.e.m.c.i.p.ProjectConfigurationManager - Collecting project info '/pom.xml' C:\Users\Bruno\OneDrive\Escritorio\Facultadf\OO1\ejercicio2\pom.xml
2022-08-31 11:43:51,437 [Worker-31: Creating objetos-uno] INFO  o.e.m.c.i.l.LifecycleMappingFactory - Using org.eclipse.m2e.jdt.JarLifecycleMapping lifecycle mapping for MavenProject: ar.edu.unlp.info.oo1:ejercicio2:0.0.1-SNAPSHOT @ C:\Users\Bruno\OneDrive\Escritorio\Facultadf\OO1\ejercicio2\pom.xml.
2022-08-31 11:43:51,487 [Worker-31: Creating objetos-uno] INFO  o.e.m.j.i.AbstractJavaProjectConfigurator - Adding source folder /ejercicio2/src/main/java
2022-08-31 11:43:51,488 [Worker-31: Creating objetos-uno] INFO  o.e.m.j.i.AbstractJavaProjectConfigurator - Adding source folder /ejercicio2/src/test/java
2022-08-31 11:43:51,559 [Worker-31: Creating objetos-uno] INFO  o.e.m.c.i.p.ProjectConfigurationManager - Imported and configured 1 project(s) in 0 sec
2022-08-31 11:43:51,825 [Worker-31: Building] INFO  o.e.m.c.i.embedder.EclipseLogger - Using 'UTF-8' encoding to copy filtered resources.
2022-08-31 11:43:51,826 [Worker-31: Building] INFO  o.e.m.c.i.embedder.EclipseLogger - skip non existing resourceDirectory C:\Users\Bruno\OneDrive\Escritorio\Facultadf\OO1\ejercicio2\src\main\resources
2022-08-31 11:43:51,827 [Worker-31: Building] INFO  o.e.m.c.i.embedder.EclipseLogger - Using 'UTF-8' encoding to copy filtered resources.
2022-08-31 11:43:51,828 [Worker-31: Building] INFO  o.e.m.c.i.embedder.EclipseLogger - skip non existing resourceDirectory C:\Users\Bruno\OneDrive\Escritorio\Facultadf\OO1\ejercicio2\src\test\resources
2022-08-31 11:43:53,005 [Worker-35: Building] INFO  o.e.m.c.i.embedder.EclipseLogger - Using 'UTF-8' encoding to copy filtered resources.
2022-08-31 11:43:53,006 [Worker-35: Building] INFO  o.e.m.c.i.embedder.EclipseLogger - skip non existing resourceDirectory C:\Users\Bruno\OneDrive\Escritorio\Facultadf\OO1\ejercicio2\src\main\resources
2022-08-31 11:43:53,007 [Worker-35: Building] INFO  o.e.m.c.i.embedder.EclipseLogger - Using 'UTF-8' encoding to copy filtered resources.
2022-08-31 11:43:53,008 [Worker-35: Building] INFO  o.e.m.c.i.embedder.EclipseLogger - skip non existing resourceDirectory C:\Users\Bruno\OneDrive\Escritorio\Facultadf\OO1\ejercicio2\src\test\resources
2022-08-31 11:44:22,722 [Worker-35: Building] INFO  o.e.m.c.i.embedder.EclipseLogger - Using 'UTF-8' encoding to copy filtered resources.
2022-08-31 11:44:22,723 [Worker-35: Building] INFO  o.e.m.c.i.embedder.EclipseLogger - skip non existing resourceDirectory C:\Users\Bruno\OneDrive\Escritorio\Facultadf\OO1\ejercicio2\src\main\resources
2022-08-31 11:44:22,724 [Worker-35: Building] INFO  o.e.m.c.i.embedder.EclipseLogger - Using 'UTF-8' encoding to copy filtered resources.
2022-08-31 11:44:22,724 [Worker-35: Building] INFO  o.e.m.c.i.embedder.EclipseLogger - skip non existing resourceDirectory C:\Users\Bruno\OneDrive\Escritorio\Facultadf\OO1\ejercicio2\src\test\resources
2022-08-31 11:44:44,131 [Worker-31: Building] INFO  o.e.m.c.i.embedder.EclipseLogger - Using 'UTF-8' encoding to copy filtered resources.
2022-08-31 11:44:44,132 [Worker-31: Building] INFO  o.e.m.c.i.embedder.EclipseLogger - skip non existing resourceDirectory C:\Users\Bruno\OneDrive\Escritorio\Facultadf\OO1\ejercicio2\src\main\resources
2022-08-31 11:44:44,133 [Worker-31: Building] INFO  o.e.m.c.i.embedder.EclipseLogger - Using 'UTF-8' encoding to copy filtered resources.
2022-08-31 11:44:44,133 [Worker-31: Building] INFO  o.e.m.c.i.embedder.EclipseLogger - skip non existing resourceDirectory C:\Users\Bruno\OneDrive\Escritorio\Facultadf\OO1\ejercicio2\src\test\resources
2022-08-31 11:47:30,203 [Worker-31: Building] INFO  o.e.m.c.i.embedder.EclipseLogger - Using 'UTF-8' encoding to copy filtered resources.
2022-08-31 11:47:30,203 [Worker-31: Building] INFO  o.e.m.c.i.embedder.EclipseLogger - skip non existing resourceDirectory C:\Users\Bruno\OneDrive\Escritorio\Facultadf\OO1\ejercicio2\src\main\resources
2022-08-31 11:47:30,205 [Worker-31: Building] INFO  o.e.m.c.i.embedder.EclipseLogger - Using 'UTF-8' encoding to copy filtered resources.
2022-08-31 11:47:30,205 [Worker-31: Building] INFO  o.e.m.c.i.embedder.EclipseLogger - skip non existing resourceDirectory C:\Users\Bruno\OneDrive\Escritorio\Facultadf\OO1\ejercicio2\src\test\resources
2022-08-31 11:47:37,524 [Worker-37: Building] INFO  o.e.m.c.i.embedder.EclipseLogger - Using 'UTF-8' encoding to copy filtered resources.
2022-08-31 11:47:37,525 [Worker-37: Building] INFO  o.e.m.c.i.embedder.EclipseLogger - skip non existing resourceDirectory C:\Users\Bruno\OneDrive\Escritorio\Facultadf\OO1\ejercicio2\src\main\resources
2022-08-31 11:47:37,526 [Worker-37: Building] INFO  o.e.m.c.i.embedder.EclipseLogger - Using 'UTF-8' encoding to copy filtered resources.
2022-08-31 11:47:37,527 [Worker-37: Building] INFO  o.e.m.c.i.embedder.EclipseLogger - skip non existing resourceDirectory C:\Users\Bruno\OneDrive\Escritorio\Facultadf\OO1\ejercicio2\src\test\resources
2022-08-31 11:47:51,185 [Worker-37: Building] INFO  o.e.m.c.i.embedder.EclipseLogger - Using 'UTF-8' encoding to copy filtered resources.
2022-08-31 11:47:51,185 [Worker-37: Building] INFO  o.e.m.c.i.embedder.EclipseLogger - skip non existing resourceDirectory C:\Users\Bruno\OneDrive\Escritorio\Facultadf\OO1\ejercicio2\src\main\resources
2022-08-31 11:47:51,186 [Worker-37: Building] INFO  o.e.m.c.i.embedder.EclipseLogger - Using 'UTF-8' encoding to copy filtered resources.
2022-08-31 11:47:51,187 [Worker-37: Building] INFO  o.e.m.c.i.embedder.EclipseLogger - skip non existing resourceDirectory C:\Users\Bruno\OneDrive\Escritorio\Facultadf\OO1\ejercicio2\src\test\resources
2022-08-31 11:49:30,457 [Worker-38: Building] INFO  o.e.m.c.i.embedder.EclipseLogger - Using 'UTF-8' encoding to copy filtered resources.
2022-08-31 11:49:30,458 [Worker-38: Building] INFO  o.e.m.c.i.embedder.EclipseLogger - skip non existing resourceDirectory C:\Users\Bruno\OneDrive\Escritorio\Facultadf\OO1\ejercicio2\src\main\resources
2022-08-31 11:49:30,460 [Worker-38: Building] INFO  o.e.m.c.i.embedder.EclipseLogger - Using 'UTF-8' encoding to copy filtered resources.
2022-08-31 11:49:30,460 [Worker-38: Building] INFO  o.e.m.c.i.embedder.EclipseLogger - skip non existing resourceDirectory C:\Users\Bruno\OneDrive\Escritorio\Facultadf\OO1\ejercicio2\src\test\resources
2022-08-31 11:50:23,786 [Worker-38: Building] INFO  o.e.m.c.i.embedder.EclipseLogger - Using 'UTF-8' encoding to copy filtered resources.
2022-08-31 11:50:23,787 [Worker-38: Building] INFO  o.e.m.c.i.embedder.EclipseLogger - skip non existing resourceDirectory C:\Users\Bruno\OneDrive\Escritorio\Facultadf\OO1\ejercicio2\src\main\resources
2022-08-31 11:50:23,788 [Worker-38: Building] INFO  o.e.m.c.i.embedder.EclipseLogger - Using 'UTF-8' encoding to copy filtered resources.
2022-08-31 11:50:23,789 [Worker-38: Building] INFO  o.e.m.c.i.embedder.EclipseLogger - skip non existing resourceDirectory C:\Users\Bruno\OneDrive\Escritorio\Facultadf\OO1\ejercicio2\src\test\resources
2022-08-31 11:51:08,698 [Worker-31: Building] INFO  o.e.m.c.i.embedder.EclipseLogger - Using 'UTF-8' encoding to copy filtered resources.
2022-08-31 11:51:08,698 [Worker-31: Building] INFO  o.e.m.c.i.embedder.EclipseLogger - skip non existing resourceDirectory C:\Users\Bruno\OneDrive\Escritorio\Facultadf\OO1\ejercicio2\src\main\resources
2022-08-31 11:51:08,701 [Worker-31: Building] INFO  o.e.m.c.i.embedder.EclipseLogger - Using 'UTF-8' encoding to copy filtered resources.
2022-08-31 11:51:08,701 [Worker-31: Building] INFO  o.e.m.c.i.embedder.EclipseLogger - skip non existing resourceDirectory C:\Users\Bruno\OneDrive\Escritorio\Facultadf\OO1\ejercicio2\src\test\resources
2022-08-31 11:51:14,971 [Worker-38: Building] INFO  o.e.m.c.i.embedder.EclipseLogger - Using 'UTF-8' encoding to copy filtered resources.
2022-08-31 11:51:14,971 [Worker-38: Building] INFO  o.e.m.c.i.embedder.EclipseLogger - skip non existing resourceDirectory C:\Users\Bruno\OneDrive\Escritorio\Facultadf\OO1\ejercicio2\src\main\resources
2022-08-31 11:51:14,972 [Worker-38: Building] INFO  o.e.m.c.i.embedder.EclipseLogger - Using 'UTF-8' encoding to copy filtered resources.
2022-08-31 11:51:14,972 [Worker-38: Building] INFO  o.e.m.c.i.embedder.EclipseLogger - skip non existing resourceDirectory C:\Users\Bruno\OneDrive\Escritorio\Facultadf\OO1\ejercicio2\src\test\resources
2022-08-31 11:53:24,966 [Worker-38: Building] INFO  o.e.m.c.i.embedder.EclipseLogger - Using 'UTF-8' encoding to copy filtered resources.
2022-08-31 11:53:24,966 [Worker-38: Building] INFO  o.e.m.c.i.embedder.EclipseLogger - skip non existing resourceDirectory C:\Users\Bruno\OneDrive\Escritorio\Facultadf\OO1\ejercicio2\src\main\resources
2022-08-31 11:53:24,968 [Worker-38: Building] INFO  o.e.m.c.i.embedder.EclipseLogger - Using 'UTF-8' encoding to copy filtered resources.
2022-08-31 11:53:24,969 [Worker-38: Building] INFO  o.e.m.c.i.embedder.EclipseLogger - skip non existing resourceDirectory C:\Users\Bruno\OneDrive\Escritorio\Facultadf\OO1\ejercicio2\src\test\resources
2022-08-31 11:53:25,987 [Worker-31: Building] INFO  o.e.m.c.i.embedder.EclipseLogger - Using 'UTF-8' encoding to copy filtered resources.
2022-08-31 11:53:25,987 [Worker-31: Building] INFO  o.e.m.c.i.embedder.EclipseLogger - skip non existing resourceDirectory C:\Users\Bruno\OneDrive\Escritorio\ejercicio1-wallpost\src\main\resources
2022-08-31 11:53:25,989 [Worker-31: Building] INFO  o.e.m.c.i.embedder.EclipseLogger - Using 'UTF-8' encoding to copy filtered resources.
2022-08-31 11:53:25,990 [Worker-31: Building] INFO  o.e.m.c.i.embedder.EclipseLogger - skip non existing resourceDirectory C:\Users\Bruno\OneDrive\Escritorio\ejercicio1-wallpost\src\test\resources
